MyCom - Quartus II Simulation Report File
-------------------------------------------------------------------------------

+-------------------------------------------------------------------+
|Report Information                                                 |
+------------------+------------------------------------------------+
|Project           |C:\Users\Lenovo\Desktop\课设\db\MyCom.quartus_db|
|Simulator Settings|MyCom                                           |
|Quartus II Version|2.0 Build 188 01/22/2002                        |
+------------------+------------------------------------------------+

Table of Contents
    Simulator Report
        Legal Notice
        Project Settings
            General Settings
        Results for "MyCom" Simulator Settings
            Summary
            Simulator Settings
            Simulation Waveforms
            Logical Memories
                |MyCom|MyControl:Control|lpm_rom0:inst10|lpm_rom:lpm_rom_component|altrom:srom|content
                |MyCom|lpm_ram_dq0:inst31|lpm_ram_dq:lpm_ram_dq_component|altram:sram|content
            Messages
            Processing Time

+-----------------------------------------------------------------------------+
|Legal Notice                                                                 |
+-----------------------------------------------------------------------------+
Copyright (C) 1991-2002 Altera Corporation
Any  megafunction  design,  and related netlist (encrypted  or  decrypted),
support information,  device programming or simulation file,  and any other
associated  documentation or information  provided by  Altera  or a partner
under  Altera's   Megafunction   Partnership   Program  may  be  used  only
to program  PLD  devices (but not masked  PLD  devices) from  Altera.   Any
other  use  of such  megafunction  design,  netlist,  support  information,
device programming or simulation file,  or any other  related documentation
or information  is prohibited  for  any  other purpose,  including, but not
limited to  modification,  reverse engineering,  de-compiling, or use  with
any other  silicon devices,  unless such use is  explicitly  licensed under
a separate agreement with  Altera  or a megafunction partner.  Title to the
intellectual property,  including patents,  copyrights,  trademarks,  trade
secrets,  or maskworks,  embodied in any such megafunction design, netlist,
support  information,  device programming or simulation file,  or any other
related documentation or information provided by  Altera  or a megafunction
partner, remains with Altera, the megafunction partner, or their respective
licensors. No other licenses, including any licenses needed under any third
party's intellectual property, are provided herein.


+-----------------------------------------------------------------------------+
|General Settings                                                             |
+-----------------------------------------------------------------------------+
+-----------------+-------------------+
|Option           |Setting            |
+-----------------+-------------------+
|Start date & time|01/07/2020 09:31:45|
|Main task        |Simulation         |
|Settings name    |MyCom              |
|Simulation mode  |Functional         |
|Compiler Settings|MyCom              |
+-----------------+-------------------+

+-----------------------------------------------------------------------------+
|Summary                                                                      |
+-----------------------------------------------------------------------------+
+---------------------+------------+
|Option               |Setting     |
+---------------------+------------+
|Simulation Start Time|0 ps        |
|Simulation End Time  |100.0 ns    |
|Simulation Coverage  |        25 %|
+---------------------+------------+

+-----------------------------------------------------------------------------+
|Simulator Settings                                                           |
+-----------------------------------------------------------------------------+
+-----------------------------------------------------+----------+
|Option                                               |Setting   |
+-----------------------------------------------------+----------+
|Simulation mode                                      |Functional|
|Simulator settings name                              |MyCom     |
|Start time                                           |0ns       |
|Check outputs                                        |Off       |
|Detect glitches                                      |Off       |
|Glitch interval                                      |1ns       |
|Report simulation coverage                           |On        |
|Add pins automatically to simulation output waveforms|On        |
|Estimate power consumption                           |Off       |
|Detect setup and hold time violations                |Off       |
+-----------------------------------------------------+----------+

+-----------------------------------------------------------------------------+
|Simulation Waveforms                                                         |
+-----------------------------------------------------------------------------+
Waveform report data cannot be output to ASCII.
Please use Quartus II to view the waveform report data.

+-----------------------------------------------------------------------------+
||MyCom|MyControl:Control|lpm_rom0:inst10|lpm_rom:lpm_rom_component|altrom:srom|content|
+-----------------------------------------------------------------------------+
Memory report data cannot be output to ASCII.
Please use Quartus II to view the memory report data.

+-----------------------------------------------------------------------------+
||MyCom|lpm_ram_dq0:inst31|lpm_ram_dq:lpm_ram_dq_component|altram:sram|content|
+-----------------------------------------------------------------------------+
Memory report data cannot be output to ASCII.
Please use Quartus II to view the memory report data.

+-----------------------------------------------------------------------------+
|Messages                                                                     |
+-----------------------------------------------------------------------------+
Info: Can't find design file C:/Users/quan/Desktop/学习文档/组原/课设/MyControl.mif
Info: Can't find design file C:/Users/quan/Desktop/学习文档/组原/课设/MyRam.mif
Warning: Found clock-sensitive change during active clock edge at time 17.0 ns on register |MyCom|74273b:MYAR|19
Warning: Found clock-sensitive change during active clock edge at time 17.0 ns on register |MyCom|74273b:MYAR|18
Warning: Found clock-sensitive change during active clock edge at time 17.0 ns on register |MyCom|74273b:MYAR|17
Warning: Found clock-sensitive change during active clock edge at time 17.0 ns on register |MyCom|74273b:MYAR|16
Warning: Found clock-sensitive change during active clock edge at time 17.0 ns on register |MyCom|74273b:MYAR|15
Warning: Found clock-sensitive change during active clock edge at time 17.0 ns on register |MyCom|74273b:MYAR|14
Warning: Found clock-sensitive change during active clock edge at time 17.0 ns on register |MyCom|74273b:MYAR|13
Warning: Found clock-sensitive change during active clock edge at time 17.0 ns on register |MyCom|74273b:MYAR|12
Warning: Found clock-sensitive change during active clock edge at time 45.0 ns on register |MyCom|74374b:MYR0|18
Info: Design MyCom: Simulation was successful. 0 errors, 9 warnings

+-----------------------------------------------------------------------------+
|Processing Time                                                              |
+-----------------------------------------------------------------------------+
+---------------+------------+
|Module Name    |Elapsed Time|
+---------------+------------+
|Netlist Builder|00:00:00    |
|Simulator      |00:00:00    |
+---------------+------------+

